<?xml version="1.0" encoding="UTF-8"?>
<!-- Generated by org.testng.reporters.JUnitReportReporter -->
<testsuite hostname="Placek-PC" failures="0" tests="1" name="com.in28minutes.page.objects.UpdateToDoBasicTestNewTest" time="11.233" errors="0" timestamp="15 paÅº 2020 09:28:57 GMT" skipped="0">
  <testcase classname="com.in28minutes.page.objects.UpdateToDoBasicTestNewTest" name="updateToDo" time="11.233"/>
</testsuite> <!-- com.in28minutes.page.objects.UpdateToDoBasicTestNewTest -->
